#
# There is insufficient memory for the Java Runtime Environment to continue.
# pthread_getattr_np
# Possible reasons:
#   The system is out of physical RAM or swap space
#   In 32 bit mode, the process size limit was hit
# Possible solutions:
#   Reduce memory load on the system
#   Increase physical memory or swap space
#   Check if swap backing store is full
#   Use 64 bit Java on a 64 bit OS
#   Decrease Java heap size (-Xmx/-Xms)
#   Decrease number of Java threads
#   Decrease Java thread stack sizes (-Xss)
#   Set larger code cache with -XX:ReservedCodeCacheSize=
# This output file may be truncated or incomplete.
#
#  Out of Memory Error (os_linux_x86.cpp:718), pid=20374, tid=139996674774784
#
# JRE version: Java(TM) SE Runtime Environment (7.0_76-b13) (build 1.7.0_76-b13)
# Java VM: Java HotSpot(TM) 64-Bit Server VM (24.76-b04 mixed mode linux-amd64 compressed oops)
# Failed to write core dump. Core dumps have been disabled. To enable core dumping, try "ulimit -c unlimited" before starting Java again
#

---------------  T H R E A D  ---------------

Current thread (0x00007f53800b5000):  JavaThread "Thread-0" [_thread_new, id=20406, stack(0x0000000000000000,0x0000000000000000)]

Stack: [0x0000000000000000,0x0000000000000000],  sp=0x00007f538411c900,  free space=136715502706k
Native frames: (J=compiled Java code, j=interpreted, Vv=VM code, C=native code)
V  [libjvm.so+0x9a32ba]
V  [libjvm.so+0x497f7b]
V  [libjvm.so+0x825aea]
V  [libjvm.so+0x825b35]
V  [libjvm.so+0x955974]
V  [libjvm.so+0x95c134]
V  [libjvm.so+0x821ca8]


---------------  P R O C E S S  ---------------

Java Threads: ( => current thread )
=>0x00007f53800b5000 JavaThread "Thread-0" [_thread_new, id=20406, stack(0x0000000000000000,0x0000000000000000)]
  0x00007f5380098800 JavaThread "Service Thread" daemon [_thread_blocked, id=20404, stack(0x00007f538421f000,0x00007f5384320000)]
  0x00007f5380096000 JavaThread "C2 CompilerThread1" daemon [_thread_blocked, id=20403, stack(0x00007f5384320000,0x00007f5384421000)]
  0x00007f5380093000 JavaThread "C2 CompilerThread0" daemon [_thread_blocked, id=20402, stack(0x00007f5384421000,0x00007f5384522000)]
  0x00007f5380091000 JavaThread "Signal Dispatcher" daemon [_thread_blocked, id=20401, stack(0x00007f5384522000,0x00007f5384623000)]
  0x00007f538006e000 JavaThread "Finalizer" daemon [_thread_blocked, id=20400, stack(0x00007f5384623000,0x00007f5384724000)]
  0x00007f538006c000 JavaThread "Reference Handler" daemon [_thread_blocked, id=20399, stack(0x00007f5384724000,0x00007f5384825000)]
  0x00007f5380008000 JavaThread "main" [_thread_in_native, id=20393, stack(0x00007f538865e000,0x00007f538875f000)]

Other Threads:
  0x00007f5380067800 VMThread [stack: 0x00007f5384825000,0x00007f5384926000] [id=20398]
  0x00007f53800a3000 WatcherThread [stack: 0x00007f538411e000,0x00007f538421f000] [id=20405]

VM state:not at safepoint (normal execution)

VM Mutex/Monitor currently owned by a thread: None

Heap
 PSYoungGen      total 17920K, used 923K [0x00000000f9c00000, 0x00000000fb000000, 0x0000000100000000)
  eden space 15360K, 6% used [0x00000000f9c00000,0x00000000f9ce6c58,0x00000000fab00000)
  from space 2560K, 0% used [0x00000000fad80000,0x00000000fad80000,0x00000000fb000000)
  to   space 2560K, 0% used [0x00000000fab00000,0x00000000fab00000,0x00000000fad80000)
 ParOldGen       total 40448K, used 0K [0x00000000ed400000, 0x00000000efb80000, 0x00000000f9c00000)
  object space 40448K, 0% used [0x00000000ed400000,0x00000000ed400000,0x00000000efb80000)
 PSPermGen       total 21504K, used 2537K [0x00000000e8200000, 0x00000000e9700000, 0x00000000ed400000)
  object space 21504K, 11% used [0x00000000e8200000,0x00000000e847a930,0x00000000e9700000)

Card table byte_map: [0x00007f5386cb9000,0x00007f5386d79000] byte_map_base: 0x00007f5386578000

Polling page: 0x00007f538711e000

Code Cache  [0x00007f537d000000, 0x00007f537d270000, 0x00007f5380000000)
 total_blobs=166 nmethods=0 adapters=136 free_code_cache=48774Kb largest_free_block=49944896

Compilation events (0 events):
No events

GC Heap History (0 events):
No events

Deoptimization events (0 events):
No events

Internal exceptions (9 events):
Event: 0.110 Thread 0x00007f5380008000 Threw 0x00000000f9c0f1b0 at /HUDSON/workspace/7u-2-build-linux-amd64/jdk7u76/1941/hotspot/src/share/vm/prims/jni.cpp:3991
Event: 0.234 Thread 0x00007f5380008000 Threw 0x00000000f9c4b160 at /HUDSON/workspace/7u-2-build-linux-amd64/jdk7u76/1941/hotspot/src/share/vm/prims/jvm.cpp:1304
Event: 0.257 Thread 0x00007f5380008000 Threw 0x00000000f9c9df00 at /HUDSON/workspace/7u-2-build-linux-amd64/jdk7u76/1941/hotspot/src/share/vm/prims/jvm.cpp:1304
Event: 0.270 Thread 0x00007f5380008000 Threw 0x00000000f9ca1770 at /HUDSON/workspace/7u-2-build-linux-amd64/jdk7u76/1941/hotspot/src/share/vm/prims/jvm.cpp:1304
Event: 0.275 Thread 0x00007f5380008000 Threw 0x00000000f9ca3070 at /HUDSON/workspace/7u-2-build-linux-amd64/jdk7u76/1941/hotspot/src/share/vm/prims/jvm.cpp:1304
Event: 0.282 Thread 0x00007f5380008000 Threw 0x00000000f9ca4a58 at /HUDSON/workspace/7u-2-build-linux-amd64/jdk7u76/1941/hotspot/src/share/vm/prims/jvm.cpp:1304
Event: 0.288 Thread 0x00007f5380008000 Threw 0x00000000f9ca6a58 at /HUDSON/workspace/7u-2-build-linux-amd64/jdk7u76/1941/hotspot/src/share/vm/prims/jvm.cpp:1304
Event: 0.293 Thread 0x00007f5380008000 Threw 0x00000000f9ca92c0 at /HUDSON/workspace/7u-2-build-linux-amd64/jdk7u76/1941/hotspot/src/share/vm/prims/jvm.cpp:1304
Event: 0.302 Thread 0x00007f5380008000 Threw 0x00000000f9cb0ec0 at /HUDSON/workspace/7u-2-build-linux-amd64/jdk7u76/1941/hotspot/src/share/vm/prims/jvm.cpp:1304

Events (10 events):
Event: 0.288 loading class 0x00007f53800b2650 done
Event: 0.292 loading class 0x00007f5385b5b300
Event: 0.292 loading class 0x00007f5385b5b300 done
Event: 0.293 loading class 0x00007f53800b2820
Event: 0.293 loading class 0x00007f53800b2820 done
Event: 0.301 loading class 0x00007f53800b1810
Event: 0.301 loading class 0x00007f53800b1810 done
Event: 0.302 loading class 0x00007f53800b2680
Event: 0.302 loading class 0x00007f53800b2680 done
Event: 0.306 Thread 0x00007f53800b5000 Thread added: 0x00007f53800b5000


Dynamic libraries:
00400000-00401000 r-xp 00000000 00:25 21592033                           /nfs4/sol.ita.chalmers.se/ufs/groups/manual03/sup/sup64/jdk-1.7.0_76/bin/java
00600000-00601000 rw-p 00000000 00:25 21592033                           /nfs4/sol.ita.chalmers.se/ufs/groups/manual03/sup/sup64/jdk-1.7.0_76/bin/java
01807000-01828000 rw-p 00000000 00:00 0                                  [heap]
e8200000-e9700000 rw-p 00000000 00:00 0 
e9700000-ed400000 rw-p 00000000 00:00 0 
ed400000-efb80000 rw-p 00000000 00:00 0 
efb80000-f9c00000 rw-p 00000000 00:00 0 
f9c00000-fb000000 rw-p 00000000 00:00 0 
fb000000-100000000 rw-p 00000000 00:00 0 
359fc00000-359fc20000 r-xp 00000000 08:02 729101                         /lib64/ld-2.12.so
359fe1f000-359fe20000 r--p 0001f000 08:02 729101                         /lib64/ld-2.12.so
359fe20000-359fe21000 rw-p 00020000 08:02 729101                         /lib64/ld-2.12.so
359fe21000-359fe22000 rw-p 00000000 00:00 0 
35a0000000-35a0189000 r-xp 00000000 08:02 729105                         /lib64/libc-2.12.so
35a0189000-35a0389000 ---p 00189000 08:02 729105                         /lib64/libc-2.12.so
35a0389000-35a038d000 r--p 00189000 08:02 729105                         /lib64/libc-2.12.so
35a038d000-35a038e000 rw-p 0018d000 08:02 729105                         /lib64/libc-2.12.so
35a038e000-35a0393000 rw-p 00000000 00:00 0 
35a0400000-35a0402000 r-xp 00000000 08:02 729127                         /lib64/libdl-2.12.so
35a0402000-35a0602000 ---p 00002000 08:02 729127                         /lib64/libdl-2.12.so
35a0602000-35a0603000 r--p 00002000 08:02 729127                         /lib64/libdl-2.12.so
35a0603000-35a0604000 rw-p 00003000 08:02 729127                         /lib64/libdl-2.12.so
35a0800000-35a0817000 r-xp 00000000 08:02 729111                         /lib64/libpthread-2.12.so
35a0817000-35a0a17000 ---p 00017000 08:02 729111                         /lib64/libpthread-2.12.so
35a0a17000-35a0a18000 r--p 00017000 08:02 729111                         /lib64/libpthread-2.12.so
35a0a18000-35a0a19000 rw-p 00018000 08:02 729111                         /lib64/libpthread-2.12.so
35a0a19000-35a0a1d000 rw-p 00000000 00:00 0 
35a0c00000-35a0c83000 r-xp 00000000 08:02 729107                         /lib64/libm-2.12.so
35a0c83000-35a0e82000 ---p 00083000 08:02 729107                         /lib64/libm-2.12.so
35a0e82000-35a0e83000 r--p 00082000 08:02 729107                         /lib64/libm-2.12.so
35a0e83000-35a0e84000 rw-p 00083000 08:02 729107                         /lib64/libm-2.12.so
35a1400000-35a1407000 r-xp 00000000 08:02 729215                         /lib64/librt-2.12.so
35a1407000-35a1606000 ---p 00007000 08:02 729215                         /lib64/librt-2.12.so
35a1606000-35a1607000 r--p 00006000 08:02 729215                         /lib64/librt-2.12.so
35a1607000-35a1608000 rw-p 00007000 08:02 729215                         /lib64/librt-2.12.so
7f5330000000-7f5330021000 rw-p 00000000 00:00 0 
7f5330021000-7f5334000000 ---p 00000000 00:00 0 
7f533c000000-7f533c021000 rw-p 00000000 00:00 0 
7f533c021000-7f5340000000 ---p 00000000 00:00 0 
7f5340000000-7f5340021000 rw-p 00000000 00:00 0 
7f5340021000-7f5344000000 ---p 00000000 00:00 0 
7f5344000000-7f5344021000 rw-p 00000000 00:00 0 
7f5344021000-7f5348000000 ---p 00000000 00:00 0 
7f534c000000-7f534c021000 rw-p 00000000 00:00 0 
7f534c021000-7f5350000000 ---p 00000000 00:00 0 
7f535216f000-7f5358000000 r--p 00000000 08:02 1245914                    /usr/lib/locale/locale-archive
7f5358000000-7f5358021000 rw-p 00000000 00:00 0 
7f5358021000-7f535c000000 ---p 00000000 00:00 0 
7f535c000000-7f535c021000 rw-p 00000000 00:00 0 
7f535c021000-7f5360000000 ---p 00000000 00:00 0 
7f5360000000-7f5360021000 rw-p 00000000 00:00 0 
7f5360021000-7f5364000000 ---p 00000000 00:00 0 
7f5364000000-7f5364021000 rw-p 00000000 00:00 0 
7f5364021000-7f5368000000 ---p 00000000 00:00 0 
7f5368000000-7f5368021000 rw-p 00000000 00:00 0 
7f5368021000-7f536c000000 ---p 00000000 00:00 0 
7f5370000000-7f5370021000 rw-p 00000000 00:00 0 
7f5370021000-7f5374000000 ---p 00000000 00:00 0 
7f5378000000-7f5378021000 rw-p 00000000 00:00 0 
7f5378021000-7f537c000000 ---p 00000000 00:00 0 
7f537d000000-7f537d270000 rwxp 00000000 00:00 0 
7f537d270000-7f53800be000 rw-p 00000000 00:00 0 
7f53800be000-7f5384000000 ---p 00000000 00:00 0 
7f538401d000-7f538411e000 rw-p 00000000 00:00 0 
7f538411e000-7f538411f000 ---p 00000000 00:00 0 
7f538411f000-7f538421f000 rw-p 00000000 00:00 0 
7f538421f000-7f5384222000 ---p 00000000 00:00 0 
7f5384222000-7f5384320000 rw-p 00000000 00:00 0 
7f5384320000-7f5384323000 ---p 00000000 00:00 0 
7f5384323000-7f5384421000 rw-p 00000000 00:00 0 
7f5384421000-7f5384424000 ---p 00000000 00:00 0 
7f5384424000-7f5384522000 rw-p 00000000 00:00 0 
7f5384522000-7f5384525000 ---p 00000000 00:00 0 
7f5384525000-7f5384623000 rw-p 00000000 00:00 0 
7f5384623000-7f5384626000 ---p 00000000 00:00 0 
7f5384626000-7f5384724000 rw-p 00000000 00:00 0 
7f5384724000-7f5384727000 ---p 00000000 00:00 0 
7f5384727000-7f5384825000 rw-p 00000000 00:00 0 
7f5384825000-7f5384826000 ---p 00000000 00:00 0 
7f5384826000-7f5385925000 rw-p 00000000 00:00 0 
7f5385925000-7f5385ae4000 r--s 039f0000 00:25 21592814                   /nfs4/sol.ita.chalmers.se/ufs/groups/manual03/sup/sup64/jdk-1.7.0_76/jre/lib/rt.jar
7f5385ae4000-7f538688c000 rw-p 00000000 00:00 0 
7f538688c000-7f538688d000 ---p 00000000 00:00 0 
7f538688d000-7f538698d000 rw-p 00000000 00:00 0 
7f538698d000-7f538698e000 ---p 00000000 00:00 0 
7f538698e000-7f5386a8e000 rw-p 00000000 00:00 0 
7f5386a8e000-7f5386a8f000 ---p 00000000 00:00 0 
7f5386a8f000-7f5386b8f000 rw-p 00000000 00:00 0 
7f5386b8f000-7f5386b90000 ---p 00000000 00:00 0 
7f5386b90000-7f5386c9b000 rw-p 00000000 00:00 0 
7f5386c9b000-7f5386cb9000 rw-p 00000000 00:00 0 
7f5386cb9000-7f5386cc4000 rw-p 00000000 00:00 0 
7f5386cc4000-7f5386ce2000 rw-p 00000000 00:00 0 
7f5386ce2000-7f5386cf6000 rw-p 00000000 00:00 0 
7f5386cf6000-7f5386d46000 rw-p 00000000 00:00 0 
7f5386d46000-7f5386d50000 rw-p 00000000 00:00 0 
7f5386d50000-7f5386d78000 rw-p 00000000 00:00 0 
7f5386d78000-7f5386d83000 rw-p 00000000 00:00 0 
7f5386d83000-7f5386e39000 rw-p 00000000 00:00 0 
7f5386e39000-7f5386e53000 r-xp 00000000 00:25 21592698                   /nfs4/sol.ita.chalmers.se/ufs/groups/manual03/sup/sup64/jdk-1.7.0_76/jre/lib/amd64/libzip.so
7f5386e53000-7f5387053000 ---p 0001a000 00:25 21592698                   /nfs4/sol.ita.chalmers.se/ufs/groups/manual03/sup/sup64/jdk-1.7.0_76/jre/lib/amd64/libzip.so
7f5387053000-7f5387054000 rw-p 0001a000 00:25 21592698                   /nfs4/sol.ita.chalmers.se/ufs/groups/manual03/sup/sup64/jdk-1.7.0_76/jre/lib/amd64/libzip.so
7f5387054000-7f538705c000 rw-s 00000000 08:03 1056805                    /tmp/hsperfdata_nejads/20374
7f538705c000-7f538711d000 r--s 00000000 08:05 581734                     /var/run/nscd/dbYlrIab (deleted)
7f538711d000-7f538711e000 rw-p 00000000 00:00 0 
7f538711e000-7f538711f000 r--p 00000000 00:00 0 
7f538711f000-7f5387148000 r-xp 00000000 00:25 21592681                   /nfs4/sol.ita.chalmers.se/ufs/groups/manual03/sup/sup64/jdk-1.7.0_76/jre/lib/amd64/libjava.so
7f5387148000-7f5387348000 ---p 00029000 00:25 21592681                   /nfs4/sol.ita.chalmers.se/ufs/groups/manual03/sup/sup64/jdk-1.7.0_76/jre/lib/amd64/libjava.so
7f5387348000-7f538734a000 rw-p 00029000 00:25 21592681                   /nfs4/sol.ita.chalmers.se/ufs/groups/manual03/sup/sup64/jdk-1.7.0_76/jre/lib/amd64/libjava.so
7f538734a000-7f5387357000 r-xp 00000000 00:25 21592643                   /nfs4/sol.ita.chalmers.se/ufs/groups/manual03/sup/sup64/jdk-1.7.0_76/jre/lib/amd64/libverify.so
7f5387357000-7f5387556000 ---p 0000d000 00:25 21592643                   /nfs4/sol.ita.chalmers.se/ufs/groups/manual03/sup/sup64/jdk-1.7.0_76/jre/lib/amd64/libverify.so
7f5387556000-7f5387558000 rw-p 0000c000 00:25 21592643                   /nfs4/sol.ita.chalmers.se/ufs/groups/manual03/sup/sup64/jdk-1.7.0_76/jre/lib/amd64/libverify.so
7f5387558000-7f53880cd000 r-xp 00000000 00:25 21592657                   /nfs4/sol.ita.chalmers.se/ufs/groups/manual03/sup/sup64/jdk-1.7.0_76/jre/lib/amd64/server/libjvm.so
7f53880cd000-7f53882cd000 ---p 00b75000 00:25 21592657                   /nfs4/sol.ita.chalmers.se/ufs/groups/manual03/sup/sup64/jdk-1.7.0_76/jre/lib/amd64/server/libjvm.so
7f53882cd000-7f5388391000 rw-p 00b75000 00:25 21592657                   /nfs4/sol.ita.chalmers.se/ufs/groups/manual03/sup/sup64/jdk-1.7.0_76/jre/lib/amd64/server/libjvm.so
7f5388391000-7f53883d5000 rw-p 00000000 00:00 0 
7f53883d5000-7f53883eb000 r-xp 00000000 00:25 21590870                   /nfs4/sol.ita.chalmers.se/ufs/groups/manual03/sup/sup64/jdk-1.7.0_76/lib/amd64/jli/libjli.so
7f53883eb000-7f53885eb000 ---p 00016000 00:25 21590870                   /nfs4/sol.ita.chalmers.se/ufs/groups/manual03/sup/sup64/jdk-1.7.0_76/lib/amd64/jli/libjli.so
7f53885eb000-7f53885ec000 rw-p 00016000 00:25 21590870                   /nfs4/sol.ita.chalmers.se/ufs/groups/manual03/sup/sup64/jdk-1.7.0_76/lib/amd64/jli/libjli.so
7f53885ec000-7f53885ed000 rw-p 00000000 00:00 0 
7f53885f1000-7f538860d000 rw-p 00000000 00:00 0 
7f538860d000-7f538865d000 rw-p 00000000 00:00 0 
7f538865d000-7f538865e000 rw-p 00000000 00:00 0 
7f538865e000-7f5388661000 ---p 00000000 00:00 0 
7f5388661000-7f538875f000 rw-p 00000000 00:00 0 
7fff8c466000-7fff8c47b000 rw-p 00000000 00:00 0                          [stack]
7fff8c56d000-7fff8c56e000 r-xp 00000000 00:00 0                          [vdso]
ffffffffff600000-ffffffffff601000 r-xp 00000000 00:00 0                  [vsyscall]

VM Arguments:
jvm_args: -Xmx300m 
java_command: Lab1 20 20 20
Launcher Type: SUN_STANDARD

Environment Variables:
CLASSPATH=.:/chalmers/groups/tda381/classes:/chalmers/groups/tda381/jr/classes/jrt.jar:/chalmers/groups/tda381/jr/classes/jrx.jar:/chalmers/groups/tda381/classes/pubmonitor.jar
PATH=/chalmers/groups/tda381/bin:/chalmers/groups/tda381/jr/bin:/chalmers/sw/vcs/core/bin:/chalmers/sw/sup64/phc/b/binh:/chalmers/sw/sup/phc/b/binh:/bin:/usr/bin:/usr/sbin:/usr/kerberos/bin:/usr/X11R6/bin:/usr/local/bin:/chalmers/sw/sup64/phc/b/binl:/chalmers/sw/sup/phc/b/binl
LD_LIBRARY_PATH=/
SHELL=/bin/bash
DISPLAY=localhost:11.0

Signal Handlers:
SIGSEGV: [libjvm.so+0x9a3bd0], sa_mask[0]=0x7ffbfeff, sa_flags=0x10000004
SIGBUS: [libjvm.so+0x9a3bd0], sa_mask[0]=0x7ffbfeff, sa_flags=0x10000004
SIGFPE: [libjvm.so+0x81cb60], sa_mask[0]=0x7ffbfeff, sa_flags=0x10000004
SIGPIPE: [libjvm.so+0x81cb60], sa_mask[0]=0x7ffbfeff, sa_flags=0x10000004
SIGXFSZ: [libjvm.so+0x81cb60], sa_mask[0]=0x7ffbfeff, sa_flags=0x10000004
SIGILL: [libjvm.so+0x81cb60], sa_mask[0]=0x7ffbfeff, sa_flags=0x10000004
SIGUSR1: SIG_DFL, sa_mask[0]=0x00000000, sa_flags=0x00000000
SIGUSR2: [libjvm.so+0x81e360], sa_mask[0]=0x00000000, sa_flags=0x10000004
SIGHUP: [libjvm.so+0x81f480], sa_mask[0]=0x7ffbfeff, sa_flags=0x10000004
SIGINT: [libjvm.so+0x81f480], sa_mask[0]=0x7ffbfeff, sa_flags=0x10000004
SIGTERM: [libjvm.so+0x81f480], sa_mask[0]=0x7ffbfeff, sa_flags=0x10000004
SIGQUIT: [libjvm.so+0x81f480], sa_mask[0]=0x7ffbfeff, sa_flags=0x10000004


---------------  S Y S T E M  ---------------

OS:Red Hat Enterprise Linux Workstation release 6.2 (Santiago)

uname:Linux 2.6.32-358.14.1.el6.x86_64 #1 SMP Mon Jun 17 15:54:20 EDT 2013 x86_64
libc:glibc 2.12 NPTL 2.12 
rlimit: STACK 10240k, CORE 0k, NPROC 500, NOFILE 4096, AS 1500000k
load average:1.28 1.38 1.36

/proc/meminfo:
MemTotal:        3922196 kB
MemFree:          183044 kB
Buffers:           86704 kB
Cached:           697468 kB
SwapCached:        38648 kB
Active:           847108 kB
Inactive:        1072952 kB
Active(anon):     509796 kB
Inactive(anon):   626416 kB
Active(file):     337312 kB
Inactive(file):   446536 kB
Unevictable:           0 kB
Mlocked:               0 kB
SwapTotal:      10485752 kB
SwapFree:       10090300 kB
Dirty:              2692 kB
Writeback:             0 kB
AnonPages:       1101784 kB
Mapped:            92304 kB
Shmem:               304 kB
Slab:            1702436 kB
SReclaimable:    1474968 kB
SUnreclaim:       227468 kB
KernelStack:        4272 kB
PageTables:        39520 kB
NFS_Unstable:          0 kB
Bounce:                0 kB
WritebackTmp:          0 kB
CommitLimit:    12446848 kB
Committed_AS:    2348436 kB
VmallocTotal:   34359738367 kB
VmallocUsed:       23540 kB
VmallocChunk:   34358228624 kB
HardwareCorrupted:     0 kB
AnonHugePages:    276480 kB
HugePages_Total:       0
HugePages_Free:        0
HugePages_Rsvd:        0
HugePages_Surp:        0
Hugepagesize:       2048 kB
DirectMap4k:        9664 kB
DirectMap2M:     4184064 kB


CPU:total 4 (2 cores per cpu, 1 threads per core) family 15 model 33 stepping 2, cmov, cx8, fxsr, mmx, sse, sse2, sse3, mmxext, 3dnowpref, tsc

/proc/cpuinfo:
processor	: 0
vendor_id	: AuthenticAMD
cpu family	: 15
model		: 33
model name	: Dual Core AMD Opteron(tm) Processor 270
stepping	: 2
cpu MHz		: 1000.000
cache size	: 1024 KB
physical id	: 0
siblings	: 2
core id		: 0
cpu cores	: 2
apicid		: 0
initial apicid	: 0
fpu		: yes
fpu_exception	: yes
cpuid level	: 1
wp		: yes
flags		: fpu vme de pse tsc msr pae mce cx8 apic sep mtrr pge mca cmov pat pse36 clflush mmx fxsr sse sse2 ht syscall nx mmxext fxsr_opt lm 3dnowext 3dnow rep_good extd_apicid pni lahf_lm cmp_legacy
bogomips	: 1993.88
TLB size	: 1024 4K pages
clflush size	: 64
cache_alignment	: 64
address sizes	: 40 bits physical, 48 bits virtual
power management: ts fid vid ttp

processor	: 1
vendor_id	: AuthenticAMD
cpu family	: 15
model		: 33
model name	: Dual Core AMD Opteron(tm) Processor 270
stepping	: 2
cpu MHz		: 1000.000
cache size	: 1024 KB
physical id	: 0
siblings	: 2
core id		: 1
cpu cores	: 2
apicid		: 1
initial apicid	: 1
fpu		: yes
fpu_exception	: yes
cpuid level	: 1
wp		: yes
flags		: fpu vme de pse tsc msr pae mce cx8 apic sep mtrr pge mca cmov pat pse36 clflush mmx fxsr sse sse2 ht syscall nx mmxext fxsr_opt lm 3dnowext 3dnow rep_good extd_apicid pni lahf_lm cmp_legacy
bogomips	: 1993.88
TLB size	: 1024 4K pages
clflush size	: 64
cache_alignment	: 64
address sizes	: 40 bits physical, 48 bits virtual
power management: ts fid vid ttp

processor	: 2
vendor_id	: AuthenticAMD
cpu family	: 15
model		: 33
model name	: Dual Core AMD Opteron(tm) Processor 270
stepping	: 2
cpu MHz		: 1000.000
cache size	: 1024 KB
physical id	: 1
siblings	: 2
core id		: 0
cpu cores	: 2
apicid		: 2
initial apicid	: 2
fpu		: yes
fpu_exception	: yes
cpuid level	: 1
wp		: yes
flags		: fpu vme de pse tsc msr pae mce cx8 apic sep mtrr pge mca cmov pat pse36 clflush mmx fxsr sse sse2 ht syscall nx mmxext fxsr_opt lm 3dnowext 3dnow rep_good extd_apicid pni lahf_lm cmp_legacy
bogomips	: 1993.88
TLB size	: 1024 4K pages
clflush size	: 64
cache_alignment	: 64
address sizes	: 40 bits physical, 48 bits virtual
power management: ts fid vid ttp

processor	: 3
vendor_id	: AuthenticAMD
cpu family	: 15
model		: 33
model name	: Dual Core AMD Opteron(tm) Processor 270
stepping	: 2
cpu MHz		: 1000.000
cache size	: 1024 KB
physical id	: 1
siblings	: 2
core id		: 1
cpu cores	: 2
apicid		: 3
initial apicid	: 3
fpu		: yes
fpu_exception	: yes
cpuid level	: 1
wp		: yes
flags		: fpu vme de pse tsc msr pae mce cx8 apic sep mtrr pge mca cmov pat pse36 clflush mmx fxsr sse sse2 ht syscall nx mmxext fxsr_opt lm 3dnowext 3dnow rep_good extd_apicid pni lahf_lm cmp_legacy
bogomips	: 1993.88
TLB size	: 1024 4K pages
clflush size	: 64
cache_alignment	: 64
address sizes	: 40 bits physical, 48 bits virtual
power management: ts fid vid ttp



Memory: 4k page, physical 3922196k(183044k free), swap 10485752k(10090300k free)

vm_info: Java HotSpot(TM) 64-Bit Server VM (24.76-b04) for linux-amd64 JRE (1.7.0_76-b13), built on Dec 18 2014 16:58:39 by "java_re" with gcc 4.3.0 20080428 (Red Hat 4.3.0-8)

time: Wed Jan 28 14:41:18 2015
elapsed time: 0 seconds

