#
# There is insufficient memory for the Java Runtime Environment to continue.
# pthread_getattr_np
# Possible reasons:
#   The system is out of physical RAM or swap space
#   In 32 bit mode, the process size limit was hit
# Possible solutions:
#   Reduce memory load on the system
#   Increase physical memory or swap space
#   Check if swap backing store is full
#   Use 64 bit Java on a 64 bit OS
#   Decrease Java heap size (-Xmx/-Xms)
#   Decrease number of Java threads
#   Decrease Java thread stack sizes (-Xss)
#   Set larger code cache with -XX:ReservedCodeCacheSize=
# This output file may be truncated or incomplete.
#
#  Out of Memory Error (os_linux_x86.cpp:718), pid=20698, tid=139990551021312
#
# JRE version: Java(TM) SE Runtime Environment (7.0_76-b13) (build 1.7.0_76-b13)
# Java VM: Java HotSpot(TM) 64-Bit Server VM (24.76-b04 mixed mode linux-amd64 compressed oops)
# Failed to write core dump. Core dumps have been disabled. To enable core dumping, try "ulimit -c unlimited" before starting Java again
#

---------------  T H R E A D  ---------------

Current thread (0x00007f52200b5000):  JavaThread "Thread-0" [_thread_new, id=20732, stack(0x0000000000000000,0x0000000000000000)]

Stack: [0x0000000000000000,0x0000000000000000],  sp=0x00007f521710b700,  free space=136709522477k
Native frames: (J=compiled Java code, j=interpreted, Vv=VM code, C=native code)
V  [libjvm.so+0x9a32ba]
V  [libjvm.so+0x497f7b]
V  [libjvm.so+0x825aea]
V  [libjvm.so+0x825b35]
V  [libjvm.so+0x955974]
V  [libjvm.so+0x95c134]
V  [libjvm.so+0x821ca8]


---------------  P R O C E S S  ---------------

Java Threads: ( => current thread )
=>0x00007f52200b5000 JavaThread "Thread-0" [_thread_new, id=20732, stack(0x0000000000000000,0x0000000000000000)]
  0x00007f52200a0800 JavaThread "Service Thread" daemon [_thread_blocked, id=20729, stack(0x00007f521720e000,0x00007f521730f000)]
  0x00007f522009e000 JavaThread "C2 CompilerThread1" daemon [_thread_blocked, id=20728, stack(0x00007f521730f000,0x00007f5217410000)]
  0x00007f522009b000 JavaThread "C2 CompilerThread0" daemon [_thread_blocked, id=20727, stack(0x00007f521c04c000,0x00007f521c14d000)]
  0x00007f5220099000 JavaThread "Signal Dispatcher" daemon [_thread_blocked, id=20726, stack(0x00007f521c14d000,0x00007f521c24e000)]
  0x00007f522006e000 JavaThread "Finalizer" daemon [_thread_blocked, id=20723, stack(0x00007f521c24e000,0x00007f521c34f000)]
  0x00007f522006c000 JavaThread "Reference Handler" daemon [_thread_blocked, id=20722, stack(0x00007f521c34f000,0x00007f521c450000)]
  0x00007f5220008000 JavaThread "main" [_thread_in_vm, id=20715, stack(0x00007f5226766000,0x00007f5226867000)]

Other Threads:
  0x00007f5220067800 VMThread [stack: 0x00007f521c450000,0x00007f521c551000] [id=20721]
  0x00007f52200ab000 WatcherThread [stack: 0x00007f521710d000,0x00007f521720e000] [id=20730]

VM state:not at safepoint (normal execution)

VM Mutex/Monitor currently owned by a thread: None

Heap
 PSYoungGen      total 17920K, used 923K [0x00000000f9c00000, 0x00000000fb000000, 0x0000000100000000)
  eden space 15360K, 6% used [0x00000000f9c00000,0x00000000f9ce6c70,0x00000000fab00000)
  from space 2560K, 0% used [0x00000000fad80000,0x00000000fad80000,0x00000000fb000000)
  to   space 2560K, 0% used [0x00000000fab00000,0x00000000fab00000,0x00000000fad80000)
 ParOldGen       total 40448K, used 0K [0x00000000ed400000, 0x00000000efb80000, 0x00000000f9c00000)
  object space 40448K, 0% used [0x00000000ed400000,0x00000000ed400000,0x00000000efb80000)
 PSPermGen       total 21504K, used 2523K [0x00000000e8200000, 0x00000000e9700000, 0x00000000ed400000)
  object space 21504K, 11% used [0x00000000e8200000,0x00000000e84770b8,0x00000000e9700000)

Card table byte_map: [0x00007f5224dc1000,0x00007f5224e81000] byte_map_base: 0x00007f5224680000

Polling page: 0x00007f5225226000

Code Cache  [0x00007f521d000000, 0x00007f521d270000, 0x00007f5220000000)
 total_blobs=165 nmethods=0 adapters=135 free_code_cache=48774Kb largest_free_block=49945408

Compilation events (0 events):
No events

GC Heap History (0 events):
No events

Deoptimization events (0 events):
No events

Internal exceptions (9 events):
Event: 0.116 Thread 0x00007f5220008000 Threw 0x00000000f9c0f1b0 at /HUDSON/workspace/7u-2-build-linux-amd64/jdk7u76/1941/hotspot/src/share/vm/prims/jni.cpp:3991
Event: 0.236 Thread 0x00007f5220008000 Threw 0x00000000f9c4b160 at /HUDSON/workspace/7u-2-build-linux-amd64/jdk7u76/1941/hotspot/src/share/vm/prims/jvm.cpp:1304
Event: 0.256 Thread 0x00007f5220008000 Threw 0x00000000f9c9df18 at /HUDSON/workspace/7u-2-build-linux-amd64/jdk7u76/1941/hotspot/src/share/vm/prims/jvm.cpp:1304
Event: 0.259 Thread 0x00007f5220008000 Threw 0x00000000f9ca1788 at /HUDSON/workspace/7u-2-build-linux-amd64/jdk7u76/1941/hotspot/src/share/vm/prims/jvm.cpp:1304
Event: 0.262 Thread 0x00007f5220008000 Threw 0x00000000f9ca3088 at /HUDSON/workspace/7u-2-build-linux-amd64/jdk7u76/1941/hotspot/src/share/vm/prims/jvm.cpp:1304
Event: 0.267 Thread 0x00007f5220008000 Threw 0x00000000f9ca4a70 at /HUDSON/workspace/7u-2-build-linux-amd64/jdk7u76/1941/hotspot/src/share/vm/prims/jvm.cpp:1304
Event: 0.270 Thread 0x00007f5220008000 Threw 0x00000000f9ca6a70 at /HUDSON/workspace/7u-2-build-linux-amd64/jdk7u76/1941/hotspot/src/share/vm/prims/jvm.cpp:1304
Event: 0.273 Thread 0x00007f5220008000 Threw 0x00000000f9ca92d8 at /HUDSON/workspace/7u-2-build-linux-amd64/jdk7u76/1941/hotspot/src/share/vm/prims/jvm.cpp:1304
Event: 0.277 Thread 0x00007f5220008000 Threw 0x00000000f9cb0ed8 at /HUDSON/workspace/7u-2-build-linux-amd64/jdk7u76/1941/hotspot/src/share/vm/prims/jvm.cpp:1304

Events (10 events):
Event: 0.270 loading class 0x00007f52200b2620 done
Event: 0.272 loading class 0x00007f5224853300
Event: 0.272 loading class 0x00007f5224853300 done
Event: 0.273 loading class 0x00007f52200b2810
Event: 0.273 loading class 0x00007f52200b2810 done
Event: 0.276 loading class 0x00007f52200b1410
Event: 0.276 loading class 0x00007f52200b1410 done
Event: 0.276 loading class 0x00007f52200b2650
Event: 0.276 loading class 0x00007f52200b2650 done
Event: 0.279 Thread 0x00007f52200b5000 Thread added: 0x00007f52200b5000


Dynamic libraries:
00400000-00401000 r-xp 00000000 00:25 21592033                           /nfs4/sol.ita.chalmers.se/ufs/groups/manual03/sup/sup64/jdk-1.7.0_76/bin/java
00600000-00601000 rw-p 00000000 00:25 21592033                           /nfs4/sol.ita.chalmers.se/ufs/groups/manual03/sup/sup64/jdk-1.7.0_76/bin/java
00bc9000-00bea000 rw-p 00000000 00:00 0                                  [heap]
e8200000-e9700000 rw-p 00000000 00:00 0 
e9700000-ed400000 rw-p 00000000 00:00 0 
ed400000-efb80000 rw-p 00000000 00:00 0 
efb80000-f9c00000 rw-p 00000000 00:00 0 
f9c00000-fb000000 rw-p 00000000 00:00 0 
fb000000-100000000 rw-p 00000000 00:00 0 
359fc00000-359fc20000 r-xp 00000000 08:02 729101                         /lib64/ld-2.12.so
359fe1f000-359fe20000 r--p 0001f000 08:02 729101                         /lib64/ld-2.12.so
359fe20000-359fe21000 rw-p 00020000 08:02 729101                         /lib64/ld-2.12.so
359fe21000-359fe22000 rw-p 00000000 00:00 0 
35a0000000-35a0189000 r-xp 00000000 08:02 729105                         /lib64/libc-2.12.so
35a0189000-35a0389000 ---p 00189000 08:02 729105                         /lib64/libc-2.12.so
35a0389000-35a038d000 r--p 00189000 08:02 729105                         /lib64/libc-2.12.so
35a038d000-35a038e000 rw-p 0018d000 08:02 729105                         /lib64/libc-2.12.so
35a038e000-35a0393000 rw-p 00000000 00:00 0 
35a0400000-35a0402000 r-xp 00000000 08:02 729127                         /lib64/libdl-2.12.so
35a0402000-35a0602000 ---p 00002000 08:02 729127                         /lib64/libdl-2.12.so
35a0602000-35a0603000 r--p 00002000 08:02 729127                         /lib64/libdl-2.12.so
35a0603000-35a0604000 rw-p 00003000 08:02 729127                         /lib64/libdl-2.12.so
35a0800000-35a0817000 r-xp 00000000 08:02 729111                         /lib64/libpthread-2.12.so
35a0817000-35a0a17000 ---p 00017000 08:02 729111                         /lib64/libpthread-2.12.so
35a0a17000-35a0a18000 r--p 00017000 08:02 729111                         /lib64/libpthread-2.12.so
35a0a18000-35a0a19000 rw-p 00018000 08:02 729111                         /lib64/libpthread-2.12.so
35a0a19000-35a0a1d000 rw-p 00000000 00:00 0 
35a0c00000-35a0c83000 r-xp 00000000 08:02 729107                         /lib64/libm-2.12.so
35a0c83000-35a0e82000 ---p 00083000 08:02 729107                         /lib64/libm-2.12.so
35a0e82000-35a0e83000 r--p 00082000 08:02 729107                         /lib64/libm-2.12.so
35a0e83000-35a0e84000 rw-p 00083000 08:02 729107                         /lib64/libm-2.12.so
35a1400000-35a1407000 r-xp 00000000 08:02 729215                         /lib64/librt-2.12.so
35a1407000-35a1606000 ---p 00007000 08:02 729215                         /lib64/librt-2.12.so
35a1606000-35a1607000 r--p 00006000 08:02 729215                         /lib64/librt-2.12.so
35a1607000-35a1608000 rw-p 00007000 08:02 729215                         /lib64/librt-2.12.so
7f51dc000000-7f51dc021000 rw-p 00000000 00:00 0 
7f51dc021000-7f51e0000000 ---p 00000000 00:00 0 
7f51e0000000-7f51e0021000 rw-p 00000000 00:00 0 
7f51e0021000-7f51e4000000 ---p 00000000 00:00 0 
7f51e4000000-7f51e4021000 rw-p 00000000 00:00 0 
7f51e4021000-7f51e8000000 ---p 00000000 00:00 0 
7f51e8000000-7f51e8021000 rw-p 00000000 00:00 0 
7f51e8021000-7f51ec000000 ---p 00000000 00:00 0 
7f51ec000000-7f51ec021000 rw-p 00000000 00:00 0 
7f51ec021000-7f51f0000000 ---p 00000000 00:00 0 
7f51f216f000-7f51f8000000 r--p 00000000 08:02 1245914                    /usr/lib/locale/locale-archive
7f51f8000000-7f51f8021000 rw-p 00000000 00:00 0 
7f51f8021000-7f51fc000000 ---p 00000000 00:00 0 
7f51fc000000-7f51fc021000 rw-p 00000000 00:00 0 
7f51fc021000-7f5200000000 ---p 00000000 00:00 0 
7f5200000000-7f5200021000 rw-p 00000000 00:00 0 
7f5200021000-7f5204000000 ---p 00000000 00:00 0 
7f5204000000-7f5204021000 rw-p 00000000 00:00 0 
7f5204021000-7f5208000000 ---p 00000000 00:00 0 
7f5208000000-7f5208021000 rw-p 00000000 00:00 0 
7f5208021000-7f520c000000 ---p 00000000 00:00 0 
7f5210000000-7f5210021000 rw-p 00000000 00:00 0 
7f5210021000-7f5214000000 ---p 00000000 00:00 0 
7f521700c000-7f521710d000 rw-p 00000000 00:00 0 
7f521710d000-7f521710e000 ---p 00000000 00:00 0 
7f521710e000-7f521720e000 rw-p 00000000 00:00 0 
7f521720e000-7f5217211000 ---p 00000000 00:00 0 
7f5217211000-7f521730f000 rw-p 00000000 00:00 0 
7f521730f000-7f5217312000 ---p 00000000 00:00 0 
7f5217312000-7f5218000000 rw-p 00000000 00:00 0 
7f5218000000-7f5218021000 rw-p 00000000 00:00 0 
7f5218021000-7f521c000000 ---p 00000000 00:00 0 
7f521c04c000-7f521c04f000 ---p 00000000 00:00 0 
7f521c04f000-7f521c14d000 rw-p 00000000 00:00 0 
7f521c14d000-7f521c150000 ---p 00000000 00:00 0 
7f521c150000-7f521c24e000 rw-p 00000000 00:00 0 
7f521c24e000-7f521c251000 ---p 00000000 00:00 0 
7f521c251000-7f521c34f000 rw-p 00000000 00:00 0 
7f521c34f000-7f521c352000 ---p 00000000 00:00 0 
7f521c352000-7f521c450000 rw-p 00000000 00:00 0 
7f521c450000-7f521c451000 ---p 00000000 00:00 0 
7f521c451000-7f521d000000 rw-p 00000000 00:00 0 
7f521d000000-7f521d270000 rwxp 00000000 00:00 0 
7f521d270000-7f52200be000 rw-p 00000000 00:00 0 
7f52200be000-7f5224000000 ---p 00000000 00:00 0 
7f52240cd000-7f522461d000 rw-p 00000000 00:00 0 
7f522461d000-7f52247dc000 r--s 039f0000 00:25 21592814                   /nfs4/sol.ita.chalmers.se/ufs/groups/manual03/sup/sup64/jdk-1.7.0_76/jre/lib/rt.jar
7f52247dc000-7f5224994000 rw-p 00000000 00:00 0 
7f5224994000-7f5224995000 ---p 00000000 00:00 0 
7f5224995000-7f5224a95000 rw-p 00000000 00:00 0 
7f5224a95000-7f5224a96000 ---p 00000000 00:00 0 
7f5224a96000-7f5224b96000 rw-p 00000000 00:00 0 
7f5224b96000-7f5224b97000 ---p 00000000 00:00 0 
7f5224b97000-7f5224c97000 rw-p 00000000 00:00 0 
7f5224c97000-7f5224c98000 ---p 00000000 00:00 0 
7f5224c98000-7f5224da3000 rw-p 00000000 00:00 0 
7f5224da3000-7f5224dc1000 rw-p 00000000 00:00 0 
7f5224dc1000-7f5224dcc000 rw-p 00000000 00:00 0 
7f5224dcc000-7f5224dea000 rw-p 00000000 00:00 0 
7f5224dea000-7f5224dfe000 rw-p 00000000 00:00 0 
7f5224dfe000-7f5224e4e000 rw-p 00000000 00:00 0 
7f5224e4e000-7f5224e58000 rw-p 00000000 00:00 0 
7f5224e58000-7f5224e80000 rw-p 00000000 00:00 0 
7f5224e80000-7f5224e8b000 rw-p 00000000 00:00 0 
7f5224e8b000-7f5224f41000 rw-p 00000000 00:00 0 
7f5224f41000-7f5224f5b000 r-xp 00000000 00:25 21592698                   /nfs4/sol.ita.chalmers.se/ufs/groups/manual03/sup/sup64/jdk-1.7.0_76/jre/lib/amd64/libzip.so
7f5224f5b000-7f522515b000 ---p 0001a000 00:25 21592698                   /nfs4/sol.ita.chalmers.se/ufs/groups/manual03/sup/sup64/jdk-1.7.0_76/jre/lib/amd64/libzip.so
7f522515b000-7f522515c000 rw-p 0001a000 00:25 21592698                   /nfs4/sol.ita.chalmers.se/ufs/groups/manual03/sup/sup64/jdk-1.7.0_76/jre/lib/amd64/libzip.so
7f522515c000-7f5225164000 rw-s 00000000 08:03 1056805                    /tmp/hsperfdata_nejads/20698
7f5225164000-7f5225225000 r--s 00000000 08:05 581734                     /var/run/nscd/dbYlrIab (deleted)
7f5225225000-7f5225226000 rw-p 00000000 00:00 0 
7f5225226000-7f5225227000 r--p 00000000 00:00 0 
7f5225227000-7f5225250000 r-xp 00000000 00:25 21592681                   /nfs4/sol.ita.chalmers.se/ufs/groups/manual03/sup/sup64/jdk-1.7.0_76/jre/lib/amd64/libjava.so
7f5225250000-7f5225450000 ---p 00029000 00:25 21592681                   /nfs4/sol.ita.chalmers.se/ufs/groups/manual03/sup/sup64/jdk-1.7.0_76/jre/lib/amd64/libjava.so
7f5225450000-7f5225452000 rw-p 00029000 00:25 21592681                   /nfs4/sol.ita.chalmers.se/ufs/groups/manual03/sup/sup64/jdk-1.7.0_76/jre/lib/amd64/libjava.so
7f5225452000-7f522545f000 r-xp 00000000 00:25 21592643                   /nfs4/sol.ita.chalmers.se/ufs/groups/manual03/sup/sup64/jdk-1.7.0_76/jre/lib/amd64/libverify.so
7f522545f000-7f522565e000 ---p 0000d000 00:25 21592643                   /nfs4/sol.ita.chalmers.se/ufs/groups/manual03/sup/sup64/jdk-1.7.0_76/jre/lib/amd64/libverify.so
7f522565e000-7f5225660000 rw-p 0000c000 00:25 21592643                   /nfs4/sol.ita.chalmers.se/ufs/groups/manual03/sup/sup64/jdk-1.7.0_76/jre/lib/amd64/libverify.so
7f5225660000-7f52261d5000 r-xp 00000000 00:25 21592657                   /nfs4/sol.ita.chalmers.se/ufs/groups/manual03/sup/sup64/jdk-1.7.0_76/jre/lib/amd64/server/libjvm.so
7f52261d5000-7f52263d5000 ---p 00b75000 00:25 21592657                   /nfs4/sol.ita.chalmers.se/ufs/groups/manual03/sup/sup64/jdk-1.7.0_76/jre/lib/amd64/server/libjvm.so
7f52263d5000-7f5226499000 rw-p 00b75000 00:25 21592657                   /nfs4/sol.ita.chalmers.se/ufs/groups/manual03/sup/sup64/jdk-1.7.0_76/jre/lib/amd64/server/libjvm.so
7f5226499000-7f52264dd000 rw-p 00000000 00:00 0 
7f52264dd000-7f52264f3000 r-xp 00000000 00:25 21590870                   /nfs4/sol.ita.chalmers.se/ufs/groups/manual03/sup/sup64/jdk-1.7.0_76/lib/amd64/jli/libjli.so
7f52264f3000-7f52266f3000 ---p 00016000 00:25 21590870                   /nfs4/sol.ita.chalmers.se/ufs/groups/manual03/sup/sup64/jdk-1.7.0_76/lib/amd64/jli/libjli.so
7f52266f3000-7f52266f4000 rw-p 00016000 00:25 21590870                   /nfs4/sol.ita.chalmers.se/ufs/groups/manual03/sup/sup64/jdk-1.7.0_76/lib/amd64/jli/libjli.so
7f52266f4000-7f52266f5000 rw-p 00000000 00:00 0 
7f52266f9000-7f5226715000 rw-p 00000000 00:00 0 
7f5226715000-7f5226765000 rw-p 00000000 00:00 0 
7f5226765000-7f5226766000 rw-p 00000000 00:00 0 
7f5226766000-7f5226769000 ---p 00000000 00:00 0 
7f5226769000-7f5226867000 rw-p 00000000 00:00 0 
7fff50a45000-7fff50a5a000 rw-p 00000000 00:00 0                          [stack]
7fff50b7b000-7fff50b7c000 r-xp 00000000 00:00 0                          [vdso]
ffffffffff600000-ffffffffff601000 r-xp 00000000 00:00 0                  [vsyscall]

VM Arguments:
jvm_args: -Xmx300m 
java_command: Lab1 20 20 20
Launcher Type: SUN_STANDARD

Environment Variables:
CLASSPATH=.:/chalmers/groups/tda381/classes:/chalmers/groups/tda381/jr/classes/jrt.jar:/chalmers/groups/tda381/jr/classes/jrx.jar:/chalmers/groups/tda381/classes/pubmonitor.jar
PATH=/chalmers/groups/tda381/bin:/chalmers/groups/tda381/jr/bin:/chalmers/sw/vcs/core/bin:/chalmers/sw/sup64/phc/b/binh:/chalmers/sw/sup/phc/b/binh:/bin:/usr/bin:/usr/sbin:/usr/kerberos/bin:/usr/X11R6/bin:/usr/local/bin:/chalmers/sw/sup64/phc/b/binl:/chalmers/sw/sup/phc/b/binl
LD_LIBRARY_PATH=/
SHELL=/bin/bash
DISPLAY=localhost:11.0

Signal Handlers:
SIGSEGV: [libjvm.so+0x9a3bd0], sa_mask[0]=0x7ffbfeff, sa_flags=0x10000004
SIGBUS: [libjvm.so+0x9a3bd0], sa_mask[0]=0x7ffbfeff, sa_flags=0x10000004
SIGFPE: [libjvm.so+0x81cb60], sa_mask[0]=0x7ffbfeff, sa_flags=0x10000004
SIGPIPE: [libjvm.so+0x81cb60], sa_mask[0]=0x7ffbfeff, sa_flags=0x10000004
SIGXFSZ: [libjvm.so+0x81cb60], sa_mask[0]=0x7ffbfeff, sa_flags=0x10000004
SIGILL: [libjvm.so+0x81cb60], sa_mask[0]=0x7ffbfeff, sa_flags=0x10000004
SIGUSR1: SIG_DFL, sa_mask[0]=0x00000000, sa_flags=0x00000000
SIGUSR2: [libjvm.so+0x81e360], sa_mask[0]=0x00000000, sa_flags=0x10000004
SIGHUP: [libjvm.so+0x81f480], sa_mask[0]=0x7ffbfeff, sa_flags=0x10000004
SIGINT: [libjvm.so+0x81f480], sa_mask[0]=0x7ffbfeff, sa_flags=0x10000004
SIGTERM: [libjvm.so+0x81f480], sa_mask[0]=0x7ffbfeff, sa_flags=0x10000004
SIGQUIT: [libjvm.so+0x81f480], sa_mask[0]=0x7ffbfeff, sa_flags=0x10000004


---------------  S Y S T E M  ---------------

OS:Red Hat Enterprise Linux Workstation release 6.2 (Santiago)

uname:Linux 2.6.32-358.14.1.el6.x86_64 #1 SMP Mon Jun 17 15:54:20 EDT 2013 x86_64
libc:glibc 2.12 NPTL 2.12 
rlimit: STACK 10240k, CORE 0k, NPROC 500, NOFILE 4096, AS 1500000k
load average:1.22 1.34 1.35

/proc/meminfo:
MemTotal:        3922196 kB
MemFree:          336192 kB
Buffers:           86740 kB
Cached:           683796 kB
SwapCached:        38656 kB
Active:           856048 kB
Inactive:        1058088 kB
Active(anon):     517984 kB
Inactive(anon):   625932 kB
Active(file):     338064 kB
Inactive(file):   432156 kB
Unevictable:           0 kB
Mlocked:               0 kB
SwapTotal:      10485752 kB
SwapFree:       10090276 kB
Dirty:              2812 kB
Writeback:             0 kB
AnonPages:       1109220 kB
Mapped:            88060 kB
Shmem:               308 kB
Slab:            1554508 kB
SReclaimable:    1333012 kB
SUnreclaim:       221496 kB
KernelStack:        4312 kB
PageTables:        40148 kB
NFS_Unstable:          0 kB
Bounce:                0 kB
WritebackTmp:          0 kB
CommitLimit:    12446848 kB
Committed_AS:    2363048 kB
VmallocTotal:   34359738367 kB
VmallocUsed:       23540 kB
VmallocChunk:   34358228624 kB
HardwareCorrupted:     0 kB
AnonHugePages:    276480 kB
HugePages_Total:       0
HugePages_Free:        0
HugePages_Rsvd:        0
HugePages_Surp:        0
Hugepagesize:       2048 kB
DirectMap4k:        9664 kB
DirectMap2M:     4184064 kB


CPU:total 4 (2 cores per cpu, 1 threads per core) family 15 model 33 stepping 2, cmov, cx8, fxsr, mmx, sse, sse2, sse3, mmxext, 3dnowpref, tsc

/proc/cpuinfo:
processor	: 0
vendor_id	: AuthenticAMD
cpu family	: 15
model		: 33
model name	: Dual Core AMD Opteron(tm) Processor 270
stepping	: 2
cpu MHz		: 1000.000
cache size	: 1024 KB
physical id	: 0
siblings	: 2
core id		: 0
cpu cores	: 2
apicid		: 0
initial apicid	: 0
fpu		: yes
fpu_exception	: yes
cpuid level	: 1
wp		: yes
flags		: fpu vme de pse tsc msr pae mce cx8 apic sep mtrr pge mca cmov pat pse36 clflush mmx fxsr sse sse2 ht syscall nx mmxext fxsr_opt lm 3dnowext 3dnow rep_good extd_apicid pni lahf_lm cmp_legacy
bogomips	: 1993.88
TLB size	: 1024 4K pages
clflush size	: 64
cache_alignment	: 64
address sizes	: 40 bits physical, 48 bits virtual
power management: ts fid vid ttp

processor	: 1
vendor_id	: AuthenticAMD
cpu family	: 15
model		: 33
model name	: Dual Core AMD Opteron(tm) Processor 270
stepping	: 2
cpu MHz		: 1000.000
cache size	: 1024 KB
physical id	: 0
siblings	: 2
core id		: 1
cpu cores	: 2
apicid		: 1
initial apicid	: 1
fpu		: yes
fpu_exception	: yes
cpuid level	: 1
wp		: yes
flags		: fpu vme de pse tsc msr pae mce cx8 apic sep mtrr pge mca cmov pat pse36 clflush mmx fxsr sse sse2 ht syscall nx mmxext fxsr_opt lm 3dnowext 3dnow rep_good extd_apicid pni lahf_lm cmp_legacy
bogomips	: 1993.88
TLB size	: 1024 4K pages
clflush size	: 64
cache_alignment	: 64
address sizes	: 40 bits physical, 48 bits virtual
power management: ts fid vid ttp

processor	: 2
vendor_id	: AuthenticAMD
cpu family	: 15
model		: 33
model name	: Dual Core AMD Opteron(tm) Processor 270
stepping	: 2
cpu MHz		: 1000.000
cache size	: 1024 KB
physical id	: 1
siblings	: 2
core id		: 0
cpu cores	: 2
apicid		: 2
initial apicid	: 2
fpu		: yes
fpu_exception	: yes
cpuid level	: 1
wp		: yes
flags		: fpu vme de pse tsc msr pae mce cx8 apic sep mtrr pge mca cmov pat pse36 clflush mmx fxsr sse sse2 ht syscall nx mmxext fxsr_opt lm 3dnowext 3dnow rep_good extd_apicid pni lahf_lm cmp_legacy
bogomips	: 1993.88
TLB size	: 1024 4K pages
clflush size	: 64
cache_alignment	: 64
address sizes	: 40 bits physical, 48 bits virtual
power management: ts fid vid ttp

processor	: 3
vendor_id	: AuthenticAMD
cpu family	: 15
model		: 33
model name	: Dual Core AMD Opteron(tm) Processor 270
stepping	: 2
cpu MHz		: 1000.000
cache size	: 1024 KB
physical id	: 1
siblings	: 2
core id		: 1
cpu cores	: 2
apicid		: 3
initial apicid	: 3
fpu		: yes
fpu_exception	: yes
cpuid level	: 1
wp		: yes
flags		: fpu vme de pse tsc msr pae mce cx8 apic sep mtrr pge mca cmov pat pse36 clflush mmx fxsr sse sse2 ht syscall nx mmxext fxsr_opt lm 3dnowext 3dnow rep_good extd_apicid pni lahf_lm cmp_legacy
bogomips	: 1993.88
TLB size	: 1024 4K pages
clflush size	: 64
cache_alignment	: 64
address sizes	: 40 bits physical, 48 bits virtual
power management: ts fid vid ttp



Memory: 4k page, physical 3922196k(336068k free), swap 10485752k(10090276k free)

vm_info: Java HotSpot(TM) 64-Bit Server VM (24.76-b04) for linux-amd64 JRE (1.7.0_76-b13), built on Dec 18 2014 16:58:39 by "java_re" with gcc 4.3.0 20080428 (Red Hat 4.3.0-8)

time: Wed Jan 28 14:42:01 2015
elapsed time: 0 seconds

