#
# There is insufficient memory for the Java Runtime Environment to continue.
# pthread_getattr_np
# Possible reasons:
#   The system is out of physical RAM or swap space
#   In 32 bit mode, the process size limit was hit
# Possible solutions:
#   Reduce memory load on the system
#   Increase physical memory or swap space
#   Check if swap backing store is full
#   Use 64 bit Java on a 64 bit OS
#   Decrease Java heap size (-Xmx/-Xms)
#   Decrease number of Java threads
#   Decrease Java thread stack sizes (-Xss)
#   Set larger code cache with -XX:ReservedCodeCacheSize=
# This output file may be truncated or incomplete.
#
#  Out of Memory Error (os_linux_x86.cpp:718), pid=20308, tid=140158972540672
#
# JRE version: Java(TM) SE Runtime Environment (7.0_76-b13) (build 1.7.0_76-b13)
# Java VM: Java HotSpot(TM) 64-Bit Server VM (24.76-b04 mixed mode linux-amd64 compressed oops)
# Failed to write core dump. Core dumps have been disabled. To enable core dumping, try "ulimit -c unlimited" before starting Java again
#

---------------  T H R E A D  ---------------

Current thread (0x00007f79580b5000):  JavaThread "Thread-0" [_thread_new, id=20346, stack(0x0000000000000000,0x0000000000000000)]

Stack: [0x0000000000000000,0x0000000000000000],  sp=0x00007f794dc52a00,  free space=136873996618k
Native frames: (J=compiled Java code, j=interpreted, Vv=VM code, C=native code)
V  [libjvm.so+0x9a32ba]
V  [libjvm.so+0x497f7b]
V  [libjvm.so+0x825aea]
V  [libjvm.so+0x825b35]
V  [libjvm.so+0x955974]
V  [libjvm.so+0x95c134]
V  [libjvm.so+0x821ca8]


---------------  P R O C E S S  ---------------

Java Threads: ( => current thread )
=>0x00007f79580b5000 JavaThread "Thread-0" [_thread_new, id=20346, stack(0x0000000000000000,0x0000000000000000)]
  0x00007f7958098800 JavaThread "Service Thread" daemon [_thread_blocked, id=20342, stack(0x00007f794dd55000,0x00007f794de56000)]
  0x00007f7958096000 JavaThread "C2 CompilerThread1" daemon [_thread_blocked, id=20341, stack(0x00007f794de56000,0x00007f794df57000)]
  0x00007f7958093000 JavaThread "C2 CompilerThread0" daemon [_thread_blocked, id=20340, stack(0x00007f794df57000,0x00007f794e058000)]
  0x00007f7958091000 JavaThread "Signal Dispatcher" daemon [_thread_blocked, id=20339, stack(0x00007f794e058000,0x00007f794e159000)]
  0x00007f795806e000 JavaThread "Finalizer" daemon [_thread_blocked, id=20326, stack(0x00007f794e159000,0x00007f794e25a000)]
  0x00007f795806c000 JavaThread "Reference Handler" daemon [_thread_blocked, id=20325, stack(0x00007f794e25a000,0x00007f794e35b000)]
  0x00007f7958008000 JavaThread "main" [_thread_in_vm, id=20318, stack(0x00007f795d1c4000,0x00007f795d2c5000)]

Other Threads:
  0x00007f7958067800 VMThread [stack: 0x00007f794e35b000,0x00007f794e45c000] [id=20324]
  0x00007f79580a3000 WatcherThread [stack: 0x00007f794dc54000,0x00007f794dd55000] [id=20343]

VM state:not at safepoint (normal execution)

VM Mutex/Monitor currently owned by a thread: None

Heap
 PSYoungGen      total 17920K, used 923K [0x00000000f9c00000, 0x00000000fb000000, 0x0000000100000000)
  eden space 15360K, 6% used [0x00000000f9c00000,0x00000000f9ce6c58,0x00000000fab00000)
  from space 2560K, 0% used [0x00000000fad80000,0x00000000fad80000,0x00000000fb000000)
  to   space 2560K, 0% used [0x00000000fab00000,0x00000000fab00000,0x00000000fad80000)
 ParOldGen       total 40448K, used 0K [0x00000000ed400000, 0x00000000efb80000, 0x00000000f9c00000)
  object space 40448K, 0% used [0x00000000ed400000,0x00000000ed400000,0x00000000efb80000)
 PSPermGen       total 21504K, used 2528K [0x00000000e8200000, 0x00000000e9700000, 0x00000000ed400000)
  object space 21504K, 11% used [0x00000000e8200000,0x00000000e84781f0,0x00000000e9700000)

Card table byte_map: [0x00007f795476b000,0x00007f795482b000] byte_map_base: 0x00007f795402a000

Polling page: 0x00007f795d1c2000

Code Cache  [0x00007f79548eb000, 0x00007f7954b5b000, 0x00007f79578eb000)
 total_blobs=165 nmethods=0 adapters=135 free_code_cache=48774Kb largest_free_block=49945408

Compilation events (0 events):
No events

GC Heap History (0 events):
No events

Deoptimization events (0 events):
No events

Internal exceptions (9 events):
Event: 0.121 Thread 0x00007f7958008000 Threw 0x00000000f9c0f1b0 at /HUDSON/workspace/7u-2-build-linux-amd64/jdk7u76/1941/hotspot/src/share/vm/prims/jni.cpp:3991
Event: 0.251 Thread 0x00007f7958008000 Threw 0x00000000f9c4b140 at /HUDSON/workspace/7u-2-build-linux-amd64/jdk7u76/1941/hotspot/src/share/vm/prims/jvm.cpp:1304
Event: 0.272 Thread 0x00007f7958008000 Threw 0x00000000f9c9de18 at /HUDSON/workspace/7u-2-build-linux-amd64/jdk7u76/1941/hotspot/src/share/vm/prims/jvm.cpp:1304
Event: 0.279 Thread 0x00007f7958008000 Threw 0x00000000f9ca1688 at /HUDSON/workspace/7u-2-build-linux-amd64/jdk7u76/1941/hotspot/src/share/vm/prims/jvm.cpp:1304
Event: 0.283 Thread 0x00007f7958008000 Threw 0x00000000f9ca2f88 at /HUDSON/workspace/7u-2-build-linux-amd64/jdk7u76/1941/hotspot/src/share/vm/prims/jvm.cpp:1304
Event: 0.290 Thread 0x00007f7958008000 Threw 0x00000000f9ca4970 at /HUDSON/workspace/7u-2-build-linux-amd64/jdk7u76/1941/hotspot/src/share/vm/prims/jvm.cpp:1304
Event: 0.295 Thread 0x00007f7958008000 Threw 0x00000000f9ca6970 at /HUDSON/workspace/7u-2-build-linux-amd64/jdk7u76/1941/hotspot/src/share/vm/prims/jvm.cpp:1304
Event: 0.300 Thread 0x00007f7958008000 Threw 0x00000000f9ca91d8 at /HUDSON/workspace/7u-2-build-linux-amd64/jdk7u76/1941/hotspot/src/share/vm/prims/jvm.cpp:1304
Event: 0.306 Thread 0x00007f7958008000 Threw 0x00000000f9cb0dd8 at /HUDSON/workspace/7u-2-build-linux-amd64/jdk7u76/1941/hotspot/src/share/vm/prims/jvm.cpp:1304

Events (10 events):
Event: 0.295 loading class 0x00007f79580b2650 done
Event: 0.299 loading class 0x00007f795c00b300
Event: 0.300 loading class 0x00007f795c00b300 done
Event: 0.300 loading class 0x00007f79580b2820
Event: 0.300 loading class 0x00007f79580b2820 done
Event: 0.305 loading class 0x00007f79580b1810
Event: 0.305 loading class 0x00007f79580b1810 done
Event: 0.306 loading class 0x00007f79580b2680
Event: 0.306 loading class 0x00007f79580b2680 done
Event: 0.310 Thread 0x00007f79580b5000 Thread added: 0x00007f79580b5000


Dynamic libraries:
00400000-00401000 r-xp 00000000 00:25 21592033                           /nfs4/sol.ita.chalmers.se/ufs/groups/manual03/sup/sup64/jdk-1.7.0_76/bin/java
00600000-00601000 rw-p 00000000 00:25 21592033                           /nfs4/sol.ita.chalmers.se/ufs/groups/manual03/sup/sup64/jdk-1.7.0_76/bin/java
01fa0000-01fc1000 rw-p 00000000 00:00 0                                  [heap]
e8200000-e9700000 rw-p 00000000 00:00 0 
e9700000-ed400000 rw-p 00000000 00:00 0 
ed400000-efb80000 rw-p 00000000 00:00 0 
efb80000-f9c00000 rw-p 00000000 00:00 0 
f9c00000-fb000000 rw-p 00000000 00:00 0 
fb000000-100000000 rw-p 00000000 00:00 0 
359fc00000-359fc20000 r-xp 00000000 08:02 729101                         /lib64/ld-2.12.so
359fe1f000-359fe20000 r--p 0001f000 08:02 729101                         /lib64/ld-2.12.so
359fe20000-359fe21000 rw-p 00020000 08:02 729101                         /lib64/ld-2.12.so
359fe21000-359fe22000 rw-p 00000000 00:00 0 
35a0000000-35a0189000 r-xp 00000000 08:02 729105                         /lib64/libc-2.12.so
35a0189000-35a0389000 ---p 00189000 08:02 729105                         /lib64/libc-2.12.so
35a0389000-35a038d000 r--p 00189000 08:02 729105                         /lib64/libc-2.12.so
35a038d000-35a038e000 rw-p 0018d000 08:02 729105                         /lib64/libc-2.12.so
35a038e000-35a0393000 rw-p 00000000 00:00 0 
35a0400000-35a0402000 r-xp 00000000 08:02 729127                         /lib64/libdl-2.12.so
35a0402000-35a0602000 ---p 00002000 08:02 729127                         /lib64/libdl-2.12.so
35a0602000-35a0603000 r--p 00002000 08:02 729127                         /lib64/libdl-2.12.so
35a0603000-35a0604000 rw-p 00003000 08:02 729127                         /lib64/libdl-2.12.so
35a0800000-35a0817000 r-xp 00000000 08:02 729111                         /lib64/libpthread-2.12.so
35a0817000-35a0a17000 ---p 00017000 08:02 729111                         /lib64/libpthread-2.12.so
35a0a17000-35a0a18000 r--p 00017000 08:02 729111                         /lib64/libpthread-2.12.so
35a0a18000-35a0a19000 rw-p 00018000 08:02 729111                         /lib64/libpthread-2.12.so
35a0a19000-35a0a1d000 rw-p 00000000 00:00 0 
35a0c00000-35a0c83000 r-xp 00000000 08:02 729107                         /lib64/libm-2.12.so
35a0c83000-35a0e82000 ---p 00083000 08:02 729107                         /lib64/libm-2.12.so
35a0e82000-35a0e83000 r--p 00082000 08:02 729107                         /lib64/libm-2.12.so
35a0e83000-35a0e84000 rw-p 00083000 08:02 729107                         /lib64/libm-2.12.so
35a1400000-35a1407000 r-xp 00000000 08:02 729215                         /lib64/librt-2.12.so
35a1407000-35a1606000 ---p 00007000 08:02 729215                         /lib64/librt-2.12.so
35a1606000-35a1607000 r--p 00006000 08:02 729215                         /lib64/librt-2.12.so
35a1607000-35a1608000 rw-p 00007000 08:02 729215                         /lib64/librt-2.12.so
7f7914000000-7f7914021000 rw-p 00000000 00:00 0 
7f7914021000-7f7918000000 ---p 00000000 00:00 0 
7f7918000000-7f7918021000 rw-p 00000000 00:00 0 
7f7918021000-7f791c000000 ---p 00000000 00:00 0 
7f791c000000-7f791c021000 rw-p 00000000 00:00 0 
7f791c021000-7f7920000000 ---p 00000000 00:00 0 
7f7920000000-7f7920021000 rw-p 00000000 00:00 0 
7f7920021000-7f7924000000 ---p 00000000 00:00 0 
7f7924000000-7f7924021000 rw-p 00000000 00:00 0 
7f7924021000-7f7928000000 ---p 00000000 00:00 0 
7f792a16f000-7f7930000000 r--p 00000000 08:02 1245914                    /usr/lib/locale/locale-archive
7f7930000000-7f7930021000 rw-p 00000000 00:00 0 
7f7930021000-7f7934000000 ---p 00000000 00:00 0 
7f7934000000-7f7934021000 rw-p 00000000 00:00 0 
7f7934021000-7f7938000000 ---p 00000000 00:00 0 
7f7938000000-7f7938021000 rw-p 00000000 00:00 0 
7f7938021000-7f793c000000 ---p 00000000 00:00 0 
7f793c000000-7f793c021000 rw-p 00000000 00:00 0 
7f793c021000-7f7940000000 ---p 00000000 00:00 0 
7f7940000000-7f7940021000 rw-p 00000000 00:00 0 
7f7940021000-7f7944000000 ---p 00000000 00:00 0 
7f7948000000-7f7948021000 rw-p 00000000 00:00 0 
7f7948021000-7f794c000000 ---p 00000000 00:00 0 
7f794db53000-7f794dc54000 rw-p 00000000 00:00 0 
7f794dc54000-7f794dc55000 ---p 00000000 00:00 0 
7f794dc55000-7f794dd55000 rw-p 00000000 00:00 0 
7f794dd55000-7f794dd58000 ---p 00000000 00:00 0 
7f794dd58000-7f794de56000 rw-p 00000000 00:00 0 
7f794de56000-7f794de59000 ---p 00000000 00:00 0 
7f794de59000-7f794df57000 rw-p 00000000 00:00 0 
7f794df57000-7f794df5a000 ---p 00000000 00:00 0 
7f794df5a000-7f794e058000 rw-p 00000000 00:00 0 
7f794e058000-7f794e05b000 ---p 00000000 00:00 0 
7f794e05b000-7f794e159000 rw-p 00000000 00:00 0 
7f794e159000-7f794e15c000 ---p 00000000 00:00 0 
7f794e15c000-7f794e25a000 rw-p 00000000 00:00 0 
7f794e25a000-7f794e25d000 ---p 00000000 00:00 0 
7f794e25d000-7f794e35b000 rw-p 00000000 00:00 0 
7f794e35b000-7f794e35c000 ---p 00000000 00:00 0 
7f794e35c000-7f7950000000 rw-p 00000000 00:00 0 
7f7950000000-7f7950021000 rw-p 00000000 00:00 0 
7f7950021000-7f7954000000 ---p 00000000 00:00 0 
7f7954028000-7f7954073000 rw-p 00000000 00:00 0 
7f7954073000-7f7954232000 r--s 039f0000 00:25 21592814                   /nfs4/sol.ita.chalmers.se/ufs/groups/manual03/sup/sup64/jdk-1.7.0_76/jre/lib/rt.jar
7f7954232000-7f7954367000 rw-p 00000000 00:00 0 
7f7954367000-7f7954368000 ---p 00000000 00:00 0 
7f7954368000-7f7954468000 rw-p 00000000 00:00 0 
7f7954468000-7f7954469000 ---p 00000000 00:00 0 
7f7954469000-7f7954569000 rw-p 00000000 00:00 0 
7f7954569000-7f795456a000 ---p 00000000 00:00 0 
7f795456a000-7f795466a000 rw-p 00000000 00:00 0 
7f795466a000-7f795466b000 ---p 00000000 00:00 0 
7f795466b000-7f7954776000 rw-p 00000000 00:00 0 
7f7954776000-7f7954794000 rw-p 00000000 00:00 0 
7f7954794000-7f79547a8000 rw-p 00000000 00:00 0 
7f79547a8000-7f79547f8000 rw-p 00000000 00:00 0 
7f79547f8000-7f7954802000 rw-p 00000000 00:00 0 
7f7954802000-7f795482a000 rw-p 00000000 00:00 0 
7f795482a000-7f7954835000 rw-p 00000000 00:00 0 
7f7954835000-7f79548eb000 rw-p 00000000 00:00 0 
7f79548eb000-7f7954b5b000 rwxp 00000000 00:00 0 
7f7954b5b000-7f79578eb000 rw-p 00000000 00:00 0 
7f79578eb000-7f7957905000 r-xp 00000000 00:25 21592698                   /nfs4/sol.ita.chalmers.se/ufs/groups/manual03/sup/sup64/jdk-1.7.0_76/jre/lib/amd64/libzip.so
7f7957905000-7f7957b05000 ---p 0001a000 00:25 21592698                   /nfs4/sol.ita.chalmers.se/ufs/groups/manual03/sup/sup64/jdk-1.7.0_76/jre/lib/amd64/libzip.so
7f7957b05000-7f7957b06000 rw-p 0001a000 00:25 21592698                   /nfs4/sol.ita.chalmers.se/ufs/groups/manual03/sup/sup64/jdk-1.7.0_76/jre/lib/amd64/libzip.so
7f7957b06000-7f7957bc7000 r--s 00000000 08:05 581734                     /var/run/nscd/dbYlrIab (deleted)
7f7957bc7000-7f7957bf0000 r-xp 00000000 00:25 21592681                   /nfs4/sol.ita.chalmers.se/ufs/groups/manual03/sup/sup64/jdk-1.7.0_76/jre/lib/amd64/libjava.so
7f7957bf0000-7f7957df0000 ---p 00029000 00:25 21592681                   /nfs4/sol.ita.chalmers.se/ufs/groups/manual03/sup/sup64/jdk-1.7.0_76/jre/lib/amd64/libjava.so
7f7957df0000-7f7957df2000 rw-p 00029000 00:25 21592681                   /nfs4/sol.ita.chalmers.se/ufs/groups/manual03/sup/sup64/jdk-1.7.0_76/jre/lib/amd64/libjava.so
7f7957df2000-7f7957dff000 r-xp 00000000 00:25 21592643                   /nfs4/sol.ita.chalmers.se/ufs/groups/manual03/sup/sup64/jdk-1.7.0_76/jre/lib/amd64/libverify.so
7f7957dff000-7f7957ffe000 ---p 0000d000 00:25 21592643                   /nfs4/sol.ita.chalmers.se/ufs/groups/manual03/sup/sup64/jdk-1.7.0_76/jre/lib/amd64/libverify.so
7f7957ffe000-7f7958000000 rw-p 0000c000 00:25 21592643                   /nfs4/sol.ita.chalmers.se/ufs/groups/manual03/sup/sup64/jdk-1.7.0_76/jre/lib/amd64/libverify.so
7f7958000000-7f79580bc000 rw-p 00000000 00:00 0 
7f79580bc000-7f795c000000 ---p 00000000 00:00 0 
7f795c00a000-7f795c0a0000 rw-p 00000000 00:00 0 
7f795c0a0000-7f795c0be000 rw-p 00000000 00:00 0 
7f795c0be000-7f795cc33000 r-xp 00000000 00:25 21592657                   /nfs4/sol.ita.chalmers.se/ufs/groups/manual03/sup/sup64/jdk-1.7.0_76/jre/lib/amd64/server/libjvm.so
7f795cc33000-7f795ce33000 ---p 00b75000 00:25 21592657                   /nfs4/sol.ita.chalmers.se/ufs/groups/manual03/sup/sup64/jdk-1.7.0_76/jre/lib/amd64/server/libjvm.so
7f795ce33000-7f795cef7000 rw-p 00b75000 00:25 21592657                   /nfs4/sol.ita.chalmers.se/ufs/groups/manual03/sup/sup64/jdk-1.7.0_76/jre/lib/amd64/server/libjvm.so
7f795cef7000-7f795cf3b000 rw-p 00000000 00:00 0 
7f795cf3b000-7f795cf51000 r-xp 00000000 00:25 21590870                   /nfs4/sol.ita.chalmers.se/ufs/groups/manual03/sup/sup64/jdk-1.7.0_76/lib/amd64/jli/libjli.so
7f795cf51000-7f795d151000 ---p 00016000 00:25 21590870                   /nfs4/sol.ita.chalmers.se/ufs/groups/manual03/sup/sup64/jdk-1.7.0_76/lib/amd64/jli/libjli.so
7f795d151000-7f795d152000 rw-p 00016000 00:25 21590870                   /nfs4/sol.ita.chalmers.se/ufs/groups/manual03/sup/sup64/jdk-1.7.0_76/lib/amd64/jli/libjli.so
7f795d152000-7f795d153000 rw-p 00000000 00:00 0 
7f795d155000-7f795d169000 rw-p 00000000 00:00 0 
7f795d169000-7f795d1b9000 rw-p 00000000 00:00 0 
7f795d1b9000-7f795d1c1000 rw-s 00000000 08:03 1056805                    /tmp/hsperfdata_nejads/20308
7f795d1c1000-7f795d1c2000 rw-p 00000000 00:00 0 
7f795d1c2000-7f795d1c3000 r--p 00000000 00:00 0 
7f795d1c3000-7f795d1c4000 rw-p 00000000 00:00 0 
7f795d1c4000-7f795d1c7000 ---p 00000000 00:00 0 
7f795d1c7000-7f795d2c5000 rw-p 00000000 00:00 0 
7fff56fde000-7fff56ff3000 rw-p 00000000 00:00 0                          [stack]
7fff56fff000-7fff57000000 r-xp 00000000 00:00 0                          [vdso]
ffffffffff600000-ffffffffff601000 r-xp 00000000 00:00 0                  [vsyscall]

VM Arguments:
jvm_args: -Xmx300m 
java_command: Lab1
Launcher Type: SUN_STANDARD

Environment Variables:
CLASSPATH=.:/chalmers/groups/tda381/classes:/chalmers/groups/tda381/jr/classes/jrt.jar:/chalmers/groups/tda381/jr/classes/jrx.jar:/chalmers/groups/tda381/classes/pubmonitor.jar
PATH=/chalmers/groups/tda381/bin:/chalmers/groups/tda381/jr/bin:/chalmers/sw/vcs/core/bin:/chalmers/sw/sup64/phc/b/binh:/chalmers/sw/sup/phc/b/binh:/bin:/usr/bin:/usr/sbin:/usr/kerberos/bin:/usr/X11R6/bin:/usr/local/bin:/chalmers/sw/sup64/phc/b/binl:/chalmers/sw/sup/phc/b/binl
LD_LIBRARY_PATH=/
SHELL=/bin/bash
DISPLAY=localhost:11.0

Signal Handlers:
SIGSEGV: [libjvm.so+0x9a3bd0], sa_mask[0]=0x7ffbfeff, sa_flags=0x10000004
SIGBUS: [libjvm.so+0x9a3bd0], sa_mask[0]=0x7ffbfeff, sa_flags=0x10000004
SIGFPE: [libjvm.so+0x81cb60], sa_mask[0]=0x7ffbfeff, sa_flags=0x10000004
SIGPIPE: [libjvm.so+0x81cb60], sa_mask[0]=0x7ffbfeff, sa_flags=0x10000004
SIGXFSZ: [libjvm.so+0x81cb60], sa_mask[0]=0x7ffbfeff, sa_flags=0x10000004
SIGILL: [libjvm.so+0x81cb60], sa_mask[0]=0x7ffbfeff, sa_flags=0x10000004
SIGUSR1: SIG_DFL, sa_mask[0]=0x00000000, sa_flags=0x00000000
SIGUSR2: [libjvm.so+0x81e360], sa_mask[0]=0x00000000, sa_flags=0x10000004
SIGHUP: [libjvm.so+0x81f480], sa_mask[0]=0x7ffbfeff, sa_flags=0x10000004
SIGINT: [libjvm.so+0x81f480], sa_mask[0]=0x7ffbfeff, sa_flags=0x10000004
SIGTERM: [libjvm.so+0x81f480], sa_mask[0]=0x7ffbfeff, sa_flags=0x10000004
SIGQUIT: [libjvm.so+0x81f480], sa_mask[0]=0x7ffbfeff, sa_flags=0x10000004


---------------  S Y S T E M  ---------------

OS:Red Hat Enterprise Linux Workstation release 6.2 (Santiago)

uname:Linux 2.6.32-358.14.1.el6.x86_64 #1 SMP Mon Jun 17 15:54:20 EDT 2013 x86_64
libc:glibc 2.12 NPTL 2.12 
rlimit: STACK 10240k, CORE 0k, NPROC 500, NOFILE 4096, AS 1500000k
load average:1.27 1.38 1.36

/proc/meminfo:
MemTotal:        3922196 kB
MemFree:          203524 kB
Buffers:           86676 kB
Cached:           693400 kB
SwapCached:        38648 kB
Active:           840404 kB
Inactive:        1077928 kB
Active(anon):     512280 kB
Inactive(anon):   626416 kB
Active(file):     328124 kB
Inactive(file):   451512 kB
Unevictable:           0 kB
Mlocked:               0 kB
SwapTotal:      10485752 kB
SwapFree:       10090300 kB
Dirty:               408 kB
Writeback:             0 kB
AnonPages:       1099956 kB
Mapped:            92784 kB
Shmem:               304 kB
Slab:            1682824 kB
SReclaimable:    1456824 kB
SUnreclaim:       226000 kB
KernelStack:        4208 kB
PageTables:        39868 kB
NFS_Unstable:          0 kB
Bounce:                0 kB
WritebackTmp:          0 kB
CommitLimit:    12446848 kB
Committed_AS:    2354260 kB
VmallocTotal:   34359738367 kB
VmallocUsed:       23540 kB
VmallocChunk:   34358228624 kB
HardwareCorrupted:     0 kB
AnonHugePages:    270336 kB
HugePages_Total:       0
HugePages_Free:        0
HugePages_Rsvd:        0
HugePages_Surp:        0
Hugepagesize:       2048 kB
DirectMap4k:        9664 kB
DirectMap2M:     4184064 kB


CPU:total 4 (2 cores per cpu, 1 threads per core) family 15 model 33 stepping 2, cmov, cx8, fxsr, mmx, sse, sse2, sse3, mmxext, 3dnowpref, tsc

/proc/cpuinfo:
processor	: 0
vendor_id	: AuthenticAMD
cpu family	: 15
model		: 33
model name	: Dual Core AMD Opteron(tm) Processor 270
stepping	: 2
cpu MHz		: 1000.000
cache size	: 1024 KB
physical id	: 0
siblings	: 2
core id		: 0
cpu cores	: 2
apicid		: 0
initial apicid	: 0
fpu		: yes
fpu_exception	: yes
cpuid level	: 1
wp		: yes
flags		: fpu vme de pse tsc msr pae mce cx8 apic sep mtrr pge mca cmov pat pse36 clflush mmx fxsr sse sse2 ht syscall nx mmxext fxsr_opt lm 3dnowext 3dnow rep_good extd_apicid pni lahf_lm cmp_legacy
bogomips	: 1993.88
TLB size	: 1024 4K pages
clflush size	: 64
cache_alignment	: 64
address sizes	: 40 bits physical, 48 bits virtual
power management: ts fid vid ttp

processor	: 1
vendor_id	: AuthenticAMD
cpu family	: 15
model		: 33
model name	: Dual Core AMD Opteron(tm) Processor 270
stepping	: 2
cpu MHz		: 1000.000
cache size	: 1024 KB
physical id	: 0
siblings	: 2
core id		: 1
cpu cores	: 2
apicid		: 1
initial apicid	: 1
fpu		: yes
fpu_exception	: yes
cpuid level	: 1
wp		: yes
flags		: fpu vme de pse tsc msr pae mce cx8 apic sep mtrr pge mca cmov pat pse36 clflush mmx fxsr sse sse2 ht syscall nx mmxext fxsr_opt lm 3dnowext 3dnow rep_good extd_apicid pni lahf_lm cmp_legacy
bogomips	: 1993.88
TLB size	: 1024 4K pages
clflush size	: 64
cache_alignment	: 64
address sizes	: 40 bits physical, 48 bits virtual
power management: ts fid vid ttp

processor	: 2
vendor_id	: AuthenticAMD
cpu family	: 15
model		: 33
model name	: Dual Core AMD Opteron(tm) Processor 270
stepping	: 2
cpu MHz		: 1000.000
cache size	: 1024 KB
physical id	: 1
siblings	: 2
core id		: 0
cpu cores	: 2
apicid		: 2
initial apicid	: 2
fpu		: yes
fpu_exception	: yes
cpuid level	: 1
wp		: yes
flags		: fpu vme de pse tsc msr pae mce cx8 apic sep mtrr pge mca cmov pat pse36 clflush mmx fxsr sse sse2 ht syscall nx mmxext fxsr_opt lm 3dnowext 3dnow rep_good extd_apicid pni lahf_lm cmp_legacy
bogomips	: 1993.88
TLB size	: 1024 4K pages
clflush size	: 64
cache_alignment	: 64
address sizes	: 40 bits physical, 48 bits virtual
power management: ts fid vid ttp

processor	: 3
vendor_id	: AuthenticAMD
cpu family	: 15
model		: 33
model name	: Dual Core AMD Opteron(tm) Processor 270
stepping	: 2
cpu MHz		: 1000.000
cache size	: 1024 KB
physical id	: 1
siblings	: 2
core id		: 1
cpu cores	: 2
apicid		: 3
initial apicid	: 3
fpu		: yes
fpu_exception	: yes
cpuid level	: 1
wp		: yes
flags		: fpu vme de pse tsc msr pae mce cx8 apic sep mtrr pge mca cmov pat pse36 clflush mmx fxsr sse sse2 ht syscall nx mmxext fxsr_opt lm 3dnowext 3dnow rep_good extd_apicid pni lahf_lm cmp_legacy
bogomips	: 1993.88
TLB size	: 1024 4K pages
clflush size	: 64
cache_alignment	: 64
address sizes	: 40 bits physical, 48 bits virtual
power management: ts fid vid ttp



Memory: 4k page, physical 3922196k(203524k free), swap 10485752k(10090300k free)

vm_info: Java HotSpot(TM) 64-Bit Server VM (24.76-b04) for linux-amd64 JRE (1.7.0_76-b13), built on Dec 18 2014 16:58:39 by "java_re" with gcc 4.3.0 20080428 (Red Hat 4.3.0-8)

time: Wed Jan 28 14:41:06 2015
elapsed time: 0 seconds

